<?xml version="1.0" encoding="UTF-8"?>
<!-- Generated by org.testng.reporters.JUnitReportReporter -->
<testsuite hostname="LAPTOP-81VNI6QU" failures="0" tests="3" name="com.tutorialsninja.qa.testcases.Search" time="24.627" errors="0" timestamp="2023-07-05T01:14:41 IST" skipped="0">
  <testcase classname="com.tutorialsninja.qa.testcases.Search" name="verifySearchWithValidProduct" time="7.565"/>
  <testcase classname="com.tutorialsninja.qa.testcases.Search" name="verifySearchWithInvalidProduct" time="9.704"/>
  <testcase classname="com.tutorialsninja.qa.testcases.Search" name="verifySearchWithoutAnyProduct" time="7.358"/>
</testsuite> <!-- com.tutorialsninja.qa.testcases.Search -->
