<?xml version="1.0" encoding="UTF-8"?>
<!-- Generated by org.testng.reporters.JUnitReportReporter -->
<testsuite hostname="LAPTOP-81VNI6QU" failures="0" tests="3" name="com.tutorialsninja.qa.testcases.Login" time="19.366" errors="0" timestamp="2023-07-05T21:19:59 IST" skipped="0">
  <testcase classname="com.tutorialsninja.qa.testcases.Login" name="verifyLoginWithInvalidCrendential" time="7.157"/>
  <testcase classname="com.tutorialsninja.qa.testcases.Login" name="verifyLoginWithValidEmailAndValidPassword" time="6.351"/>
  <testcase classname="com.tutorialsninja.qa.testcases.Login" name="verifyLoginWithNoEmailAndPassword" time="5.858"/>
</testsuite> <!-- com.tutorialsninja.qa.testcases.Login -->
