<?xml version="1.0" encoding="UTF-8"?>
<!-- Generated by org.testng.reporters.JUnitReportReporter -->
<testsuite hostname="LAPTOP-81VNI6QU" failures="0" tests="3" name="com.tutorialsninja.qa.testcases.Register" time="26.381" errors="0" timestamp="2023-07-05T01:08:26 IST" skipped="0">
  <testcase classname="com.tutorialsninja.qa.testcases.Register" name="verifyRegisteringAnAccountWithmandatoryFields" time="7.638"/>
  <testcase classname="com.tutorialsninja.qa.testcases.Register" name="verifyRegisteringAnAccountWithAllFields" time="11.525"/>
  <testcase classname="com.tutorialsninja.qa.testcases.Register" name="verifyRegisteringAnAccountWithoutFillingAnyDetails" time="7.218"/>
</testsuite> <!-- com.tutorialsninja.qa.testcases.Register -->
